<?xml version="1.0" encoding="UTF-8"?>
<!-- Generated by org.testng.reporters.JUnitXMLReporter -->
<testsuite hostname="DESKTOP-2AD7C06" ignored="1" name="Car Loan" tests="6" failures="0" timestamp="09 Sep 2020 05:13:30 GMT" time="0.119" errors="0">
  <testcase name="MobilesignoutCarLoan" time="0.01" classname="test.demo3"/>
  <testcase name="MobilesignoutCarLoan" time="0.004" classname="test.demo3"/>
  <testcase name="MobilesignoutCarLoan" time="0.012" classname="test.demo3"/>
  <testcase name="WebloginCarLoan" time="0.012" classname="test.demo3"/>
  <testcase name="MobileloginCarLoan" time="0.002" classname="test.demo3"/>
  <testcase name="LoginAPICarLoan" time="0.002" classname="test.demo3"/>
  <testcase name="MobilesigninCarLoan" time="0.0" classname="test.demo3">
    <ignored/>
  </testcase> <!-- MobilesigninCarLoan -->
</testsuite> <!-- Car Loan -->
