<?xml version="1.0" encoding="UTF-8"?>
<!-- Generated by org.testng.reporters.JUnitXMLReporter -->
<testsuite hostname="DESKTOP-2AD7C06" ignored="8" name="Regression" tests="3" failures="0" timestamp="08 Sep 2020 12:33:57 GMT" time="0.12" errors="0">
  <testcase name="ploan" time="0.039" classname="test.demo2"/>
  <testcase name="MobileloginHomeLoan" time="0.006" classname="test.demo4"/>
  <testcase name="MobileloginCarLoan" time="0.002" classname="test.demo3"/>
  <testcase name="SecondTest" time="0.0" classname="test.demo1">
    <ignored/>
  </testcase> <!-- SecondTest -->
  <testcase name="MobilesignoutCarLoan" time="0.0" classname="test.demo3">
    <ignored/>
  </testcase> <!-- MobilesignoutCarLoan -->
  <testcase name="LoginAPIHomeLoan" time="0.0" classname="test.demo4">
    <ignored/>
  </testcase> <!-- LoginAPIHomeLoan -->
  <testcase name="MobilesigninCarLoan" time="0.0" classname="test.demo3">
    <ignored/>
  </testcase> <!-- MobilesigninCarLoan -->
  <testcase name="WebloginCarLoan" time="0.0" classname="test.demo3">
    <ignored/>
  </testcase> <!-- WebloginCarLoan -->
  <testcase name="demo" time="0.0" classname="test.demo1">
    <ignored/>
  </testcase> <!-- demo -->
  <testcase name="WebloginHomeLoan" time="0.0" classname="test.demo4">
    <ignored/>
  </testcase> <!-- WebloginHomeLoan -->
  <testcase name="LoginAPICarLoan" time="0.0" classname="test.demo3">
    <ignored/>
  </testcase> <!-- LoginAPICarLoan -->
</testsuite> <!-- Regression -->
